<?xml version="1.0" encoding="UTF-8"?>
<testsuite name="com.lucas.nutriwarrior.HealthControllerTest" tests="1" skipped="0" failures="0" errors="0" timestamp="2025-09-15T23:46:41" hostname="PW-177SYR3" time="13.655">
  <properties/>
  <testcase name="shouldReturnUp()" classname="com.lucas.nutriwarrior.HealthControllerTest" time="13.655"/>
  <system-out><![CDATA[20:46:12.922 [Test worker] INFO org.springframework.test.context.support.AnnotationConfigContextLoaderUtils -- Could not detect default configuration classes for test class [com.lucas.nutriwarrior.HealthControllerTest]: HealthControllerTest does not declare any static, non-private, non-final, nested classes annotated with @Configuration.
20:46:14.939 [Test worker] INFO org.springframework.boot.test.context.SpringBootTestContextBootstrapper -- Found @SpringBootConfiguration com.lucas.nutriwarrior.NutriWarriorApplication for test class com.lucas.nutriwarrior.HealthControllerTest

  .   ____          _            __ _ _
 /\\ / ___'_ __ _ _(_)_ __  __ _ \ \ \ \
( ( )\___ | '_ | '_| | '_ \/ _` | \ \ \ \
 \\/  ___)| |_)| | | | | || (_| |  ) ) ) )
  '  |____| .__|_| |_|_| |_\__, | / / / /
 =========|_|==============|___/=/_/_/_/

 :: Spring Boot ::                (v3.3.2)

2025-09-15T20:46:23.377-03:00  INFO 4625 --- [nutriwarrior] [    Test worker] c.l.nutriwarrior.HealthControllerTest    : Starting HealthControllerTest using Java 21.0.8 with PID 4625 (started by ser in /mnt/c/Users/User/Projetos/Nutri-Warrior)
2025-09-15T20:46:23.384-03:00  INFO 4625 --- [nutriwarrior] [    Test worker] c.l.nutriwarrior.HealthControllerTest    : No active profile set, falling back to 1 default profile: "default"
2025-09-15T20:46:40.822-03:00  INFO 4625 --- [nutriwarrior] [    Test worker] o.s.b.t.m.w.SpringBootMockServletContext : Initializing Spring TestDispatcherServlet ''
2025-09-15T20:46:40.823-03:00  INFO 4625 --- [nutriwarrior] [    Test worker] o.s.t.web.servlet.TestDispatcherServlet  : Initializing Servlet ''
2025-09-15T20:46:40.826-03:00  INFO 4625 --- [nutriwarrior] [    Test worker] o.s.t.web.servlet.TestDispatcherServlet  : Completed initialization in 1 ms
2025-09-15T20:46:40.957-03:00  INFO 4625 --- [nutriwarrior] [    Test worker] c.l.nutriwarrior.HealthControllerTest    : Started HealthControllerTest in 22.998 seconds (process running for 33.301)
]]></system-out>
  <system-err><![CDATA[WARNING: A Java agent has been loaded dynamically (/home/ser/.gradle/caches/modules-2/files-2.1/net.bytebuddy/byte-buddy-agent/1.14.18/417558ea01fe9f0e8a94af28b9469d281c4e3984/byte-buddy-agent-1.14.18.jar)
WARNING: If a serviceability tool is in use, please run with -XX:+EnableDynamicAgentLoading to hide this warning
WARNING: If a serviceability tool is not in use, please run with -Djdk.instrument.traceUsage for more information
WARNING: Dynamic loading of agents will be disallowed by default in a future release
]]></system-err>
</testsuite>
